{"name": "Selecting case two", "status": "failed", "statusDetails": {"message": "AssertionError: CRITICAL BUG: Incorrect video is being displayed on the page. Expected video with title 'Crime Myths - Case 2, Part 1', but got 'Crime Myths - Case 1, Part 1'\n", "trace": "  File \"D:\\coding\\Testing\\Automation\\finding-the-truth-testing\\finding-the-truth-testing\\.venv\\lib\\site-packages\\behave\\model.py\", line 1329, in run\n    match.run(runner.context)\n  File \"D:\\coding\\Testing\\Automation\\finding-the-truth-testing\\finding-the-truth-testing\\.venv\\lib\\site-packages\\behave\\matchers.py\", line 98, in run\n    self.func(context, *args, **kwargs)\n  File \"features\\steps\\ui_case_selection_steps.py\", line 34, in step_assert_case_one_video_title\n    case_video_page.assert_case_video_title(expected_video_title)\n  File \"D:\\coding\\Testing\\Automation\\finding-the-truth-testing\\finding-the-truth-testing\\pages\\case_video_page.py\", line 28, in assert_case_video_title\n    assert expected_video_title == actual_text, (f\"CRITICAL BUG: Incorrect video is being displayed on the page. \"\n"}, "steps": [{"name": "Given I navigate to the case selection page", "status": "passed", "start": 1716847736652, "stop": 1716847738667}, {"name": "When I click case 2", "status": "passed", "start": 1716847738667, "stop": 1716847738721}, {"name": "Then I am navigated to a page containing a video titled \"Crime Myths - Case 2, Part 1\"", "status": "failed", "statusDetails": {"message": "AssertionError: CRITICAL BUG: Incorrect video is being displayed on the page. Expected video with title 'Crime Myths - Case 2, Part 1', but got 'Crime Myths - Case 1, Part 1'\n", "trace": "  File \"D:\\coding\\Testing\\Automation\\finding-the-truth-testing\\finding-the-truth-testing\\.venv\\lib\\site-packages\\behave\\model.py\", line 1329, in run\n    match.run(runner.context)\n  File \"D:\\coding\\Testing\\Automation\\finding-the-truth-testing\\finding-the-truth-testing\\.venv\\lib\\site-packages\\behave\\matchers.py\", line 98, in run\n    self.func(context, *args, **kwargs)\n  File \"features\\steps\\ui_case_selection_steps.py\", line 34, in step_assert_case_one_video_title\n    case_video_page.assert_case_video_title(expected_video_title)\n  File \"D:\\coding\\Testing\\Automation\\finding-the-truth-testing\\finding-the-truth-testing\\pages\\case_video_page.py\", line 28, in assert_case_video_title\n    assert expected_video_title == actual_text, (f\"CRITICAL BUG: Incorrect video is being displayed on the page. \"\n"}, "start": 1716847738721, "stop": 1716847740658}, {"name": "And description text above case 2 video contains \"young man has been in an accident\"", "status": "skipped", "start": 1716847740658, "stop": 1716847740658}], "start": 1716847736652, "stop": 1716847740658, "uuid": "1911ab9a-1d01-4cff-b7f9-bd38f1ac8660", "historyId": "a97587dacd80de89d185272bf225ed40", "fullName": "[UI TEST] Case selection: Selecting case two", "labels": [{"name": "severity", "value": "normal"}, {"name": "feature", "value": "[UI TEST] Case selection"}, {"name": "framework", "value": "behave"}, {"name": "language", "value": "cpython3"}]}