{"name": "Selecting case two", "status": "failed", "statusDetails": {"message": "AssertionError: CRITICAL: Incorrect video is being displayed on the page. Expected video with title 'Crime Myths - Case 2, Part 1', but got 'Crime Myths - Case 1, Part 1'\n", "trace": "  File \"D:\\coding\\Testing\\Automation\\finding-the-truth-testing\\finding-the-truth-testing\\.venv\\lib\\site-packages\\behave\\model.py\", line 1329, in run\n    match.run(runner.context)\n  File \"D:\\coding\\Testing\\Automation\\finding-the-truth-testing\\finding-the-truth-testing\\.venv\\lib\\site-packages\\behave\\matchers.py\", line 98, in run\n    self.func(context, *args, **kwargs)\n  File \"features\\steps\\ui_case_selection_steps.py\", line 34, in step_assert_case_one_video_title\n    case_video_page.assert_case_video_title(expected_video_title)\n  File \"D:\\coding\\Testing\\Automation\\finding-the-truth-testing\\finding-the-truth-testing\\pages\\case_video_page.py\", line 27, in assert_case_video_title\n    assert expected_video_title == actual_text, (f\"CRITICAL: Incorrect video is being displayed on the page. \"\n"}, "steps": [{"name": "Given I navigate to the case selection page", "status": "passed", "start": 1716823504091, "stop": 1716823506190}, {"name": "When I click case 2", "status": "passed", "start": 1716823506190, "stop": 1716823506266}, {"name": "Then I am navigated to a page containing a video titled \"Crime Myths - Case 2, Part 1\"", "status": "failed", "statusDetails": {"message": "AssertionError: CRITICAL: Incorrect video is being displayed on the page. Expected video with title 'Crime Myths - Case 2, Part 1', but got 'Crime Myths - Case 1, Part 1'\n", "trace": "  File \"D:\\coding\\Testing\\Automation\\finding-the-truth-testing\\finding-the-truth-testing\\.venv\\lib\\site-packages\\behave\\model.py\", line 1329, in run\n    match.run(runner.context)\n  File \"D:\\coding\\Testing\\Automation\\finding-the-truth-testing\\finding-the-truth-testing\\.venv\\lib\\site-packages\\behave\\matchers.py\", line 98, in run\n    self.func(context, *args, **kwargs)\n  File \"features\\steps\\ui_case_selection_steps.py\", line 34, in step_assert_case_one_video_title\n    case_video_page.assert_case_video_title(expected_video_title)\n  File \"D:\\coding\\Testing\\Automation\\finding-the-truth-testing\\finding-the-truth-testing\\pages\\case_video_page.py\", line 27, in assert_case_video_title\n    assert expected_video_title == actual_text, (f\"CRITICAL: Incorrect video is being displayed on the page. \"\n"}, "start": 1716823506266, "stop": 1716823507889}, {"name": "And description text above case 2 video contains \"young man has been in an accident\"", "status": "skipped", "start": 1716823507890, "stop": 1716823507890}], "start": 1716823504090, "stop": 1716823507890, "uuid": "c80fa6d5-11bf-444c-ab90-e190007f8021", "historyId": "16213409a124e8670ea00ce008b56827", "fullName": "Case selection: Selecting case two", "labels": [{"name": "severity", "value": "normal"}, {"name": "feature", "value": "Case selection"}, {"name": "framework", "value": "behave"}, {"name": "language", "value": "cpython3"}]}