{"name": "Case selection page loads and displays correct content", "status": "failed", "statusDetails": {"message": "AssertionError: MAJOR BUG: Popup modal is incorrectly displaying NOT GUILTY!, when GUILTY! was selected\n", "trace": "  File \"D:\\coding\\Testing\\Automation\\finding-the-truth-testing\\finding-the-truth-testing\\.venv\\lib\\site-packages\\behave\\model.py\", line 1329, in run\n    match.run(runner.context)\n  File \"D:\\coding\\Testing\\Automation\\finding-the-truth-testing\\finding-the-truth-testing\\.venv\\lib\\site-packages\\behave\\matchers.py\", line 98, in run\n    self.func(context, *args, **kwargs)\n  File \"features\\steps\\ui_case_one_user_journeys_steps.py\", line 38, in step_assert_modal_text_is_guilty\n    case_one_vote_page.assert_guilty_modal_header_text(expected_text)\n  File \"D:\\coding\\Testing\\Automation\\finding-the-truth-testing\\finding-the-truth-testing\\pages\\case_one_Vote_page.py\", line 40, in assert_guilty_modal_header_text\n    assert actual_text == expected_text, f\"MAJOR BUG: Popup modal is incorrectly displaying {actual_text}, when {expected_text} was selected\"\n"}, "steps": [{"name": "Given I have selected case one", "status": "passed", "start": 1716847740660, "stop": 1716847742788}, {"name": "Given I click the JUDGE THIS button under the video", "status": "passed", "start": 1716847742788, "stop": 1716847744383}, {"name": "When I select the Guilty radio button", "status": "passed", "start": 1716847744383, "stop": 1716847745980}, {"name": "And click the VOTE button", "status": "passed", "start": 1716847745980, "stop": 1716847746041}, {"name": "Then popup modal appears stating \"GUILTY!\"", "status": "failed", "statusDetails": {"message": "AssertionError: MAJOR BUG: Popup modal is incorrectly displaying NOT GUILTY!, when GUILTY! was selected\n", "trace": "  File \"D:\\coding\\Testing\\Automation\\finding-the-truth-testing\\finding-the-truth-testing\\.venv\\lib\\site-packages\\behave\\model.py\", line 1329, in run\n    match.run(runner.context)\n  File \"D:\\coding\\Testing\\Automation\\finding-the-truth-testing\\finding-the-truth-testing\\.venv\\lib\\site-packages\\behave\\matchers.py\", line 98, in run\n    self.func(context, *args, **kwargs)\n  File \"features\\steps\\ui_case_one_user_journeys_steps.py\", line 38, in step_assert_modal_text_is_guilty\n    case_one_vote_page.assert_guilty_modal_header_text(expected_text)\n  File \"D:\\coding\\Testing\\Automation\\finding-the-truth-testing\\finding-the-truth-testing\\pages\\case_one_Vote_page.py\", line 40, in assert_guilty_modal_header_text\n    assert actual_text == expected_text, f\"MAJOR BUG: Popup modal is incorrectly displaying {actual_text}, when {expected_text} was selected\"\n"}, "start": 1716847746041, "stop": 1716847746075}], "start": 1716847740660, "stop": 1716847746075, "uuid": "efbc9869-3b13-4295-b737-272889617c92", "historyId": "48da7d9900ec9a87eb7e48ccca48c9c7", "fullName": "[UI TEST] Case One User Journeys: Case selection page loads and displays correct content", "labels": [{"name": "severity", "value": "normal"}, {"name": "feature", "value": "[UI TEST] Case One User Journeys"}, {"name": "framework", "value": "behave"}, {"name": "language", "value": "cpython3"}]}